23:02:49: Creating resource group General
23:02:49: Creating resource group Internal
23:02:49: Creating resource group Autodetect
23:02:49: SceneManagerFactory for type 'DefaultSceneManager' registered.
23:02:49: Registering ResourceManager for type Material
23:02:49: Registering ResourceManager for type Mesh
23:02:49: Registering ResourceManager for type Skeleton
23:02:49: MovableObjectFactory for type 'ParticleSystem' registered.
23:02:49: ArchiveFactory for archive type FileSystem registered.
23:02:49: ArchiveFactory for archive type Zip registered.
23:02:49: ArchiveFactory for archive type EmbeddedZip registered.
23:02:49: DDS codec registering
23:02:49: FreeImage version: 3.15.3
23:02:49: This program uses FreeImage, a free, open source image library supporting all common bitmap formats. See http://freeimage.sourceforge.net for details
23:02:49: Supported formats: bmp,ico,jpg,jif,jpeg,jpe,jng,koa,iff,lbm,mng,pbm,pbm,pcd,pcx,pgm,pgm,png,ppm,ppm,ras,tga,targa,tif,tiff,wap,wbmp,wbm,psd,cut,xbm,xpm,gif,hdr,g3,sgi,exr,j2k,j2c,jp2,pfm,pct,pict,pic,3fr,arw,bay,bmq,cap,cine,cr2,crw,cs1,dc2,dcr,drf,dsc,dng,erf,fff,ia,iiq,k25,kc2,kdc,mdc,mef,mos,mrw,nef,nrw,orf,pef,ptx,pxn,qtk,raf,raw,rdc,rw2,rwl,rwz,sr2,srf,srw,sti
23:02:49: Registering ResourceManager for type HighLevelGpuProgram
23:02:49: Registering ResourceManager for type Compositor
23:02:49: MovableObjectFactory for type 'Entity' registered.
23:02:49: MovableObjectFactory for type 'Light' registered.
23:02:49: MovableObjectFactory for type 'BillboardSet' registered.
23:02:49: MovableObjectFactory for type 'ManualObject' registered.
23:02:49: MovableObjectFactory for type 'BillboardChain' registered.
23:02:49: MovableObjectFactory for type 'RibbonTrail' registered.
23:02:49: OGRE EXCEPTION(6:FileNotFoundException): 'plugins_d.cfg' file not found! in ConfigFile::load at ..\..\..\..\OgreMain\src\OgreConfigFile.cpp (line 82)
23:02:49: plugins_d.cfg not found, automatic plugin loading disabled.
23:02:49: *-*-* OGRE Initialising
23:02:49: *-*-* Version 1.9.0 (Ghadamon)
23:02:49: OGRE EXCEPTION(6:FileNotFoundException): 'ogre.cfg' file not found! in ConfigFile::load at ..\..\..\..\OgreMain\src\OgreConfigFile.cpp (line 82)
